Determining if the pthread_create exist failed with the following output:
Change Dir: /home/rverkuil/integration/drake-pytorch/cpp/drake+pytorch/build/CMakeFiles/CMakeTmp

Run Build Command:"/usr/bin/make" "cmTC_e40db/fast"
/usr/bin/make -f CMakeFiles/cmTC_e40db.dir/build.make CMakeFiles/cmTC_e40db.dir/build
make[1]: Entering directory '/home/rverkuil/integration/drake-pytorch/cpp/drake+pytorch/build/CMakeFiles/CMakeTmp'
Building C object CMakeFiles/cmTC_e40db.dir/CheckSymbolExists.c.o
/usr/bin/cc    -o CMakeFiles/cmTC_e40db.dir/CheckSymbolExists.c.o   -c /home/rverkuil/integration/drake-pytorch/cpp/drake+pytorch/build/CMakeFiles/CMakeTmp/CheckSymbolExists.c
Linking C executable cmTC_e40db
/home/rverkuil/integration/integration/lib/python2.7/site-packages/cmake/data/bin/cmake -E cmake_link_script CMakeFiles/cmTC_e40db.dir/link.txt --verbose=1
/usr/bin/cc      -rdynamic CMakeFiles/cmTC_e40db.dir/CheckSymbolExists.c.o  -o cmTC_e40db 
CMakeFiles/cmTC_e40db.dir/CheckSymbolExists.c.o: In function `main':
CheckSymbolExists.c:(.text+0x16): undefined reference to `pthread_create'
collect2: error: ld returned 1 exit status
CMakeFiles/cmTC_e40db.dir/build.make:86: recipe for target 'cmTC_e40db' failed
make[1]: *** [cmTC_e40db] Error 1
make[1]: Leaving directory '/home/rverkuil/integration/drake-pytorch/cpp/drake+pytorch/build/CMakeFiles/CMakeTmp'
Makefile:121: recipe for target 'cmTC_e40db/fast' failed
make: *** [cmTC_e40db/fast] Error 2

File /home/rverkuil/integration/drake-pytorch/cpp/drake+pytorch/build/CMakeFiles/CMakeTmp/CheckSymbolExists.c:
/* */
#include <pthread.h>

int main(int argc, char** argv)
{
  (void)argv;
#ifndef pthread_create
  return ((int*)(&pthread_create))[argc];
#else
  (void)argc;
  return 0;
#endif
}

Determining if the function pthread_create exists in the pthreads failed with the following output:
Change Dir: /home/rverkuil/integration/drake-pytorch/cpp/drake+pytorch/build/CMakeFiles/CMakeTmp

Run Build Command:"/usr/bin/make" "cmTC_2283e/fast"
/usr/bin/make -f CMakeFiles/cmTC_2283e.dir/build.make CMakeFiles/cmTC_2283e.dir/build
make[1]: Entering directory '/home/rverkuil/integration/drake-pytorch/cpp/drake+pytorch/build/CMakeFiles/CMakeTmp'
Building C object CMakeFiles/cmTC_2283e.dir/CheckFunctionExists.c.o
/usr/bin/cc   -DCHECK_FUNCTION_EXISTS=pthread_create   -o CMakeFiles/cmTC_2283e.dir/CheckFunctionExists.c.o   -c /home/rverkuil/integration/integration/lib/python2.7/site-packages/cmake/data/share/cmake-3.12/Modules/CheckFunctionExists.c
Linking C executable cmTC_2283e
/home/rverkuil/integration/integration/lib/python2.7/site-packages/cmake/data/bin/cmake -E cmake_link_script CMakeFiles/cmTC_2283e.dir/link.txt --verbose=1
/usr/bin/cc  -DCHECK_FUNCTION_EXISTS=pthread_create    -rdynamic CMakeFiles/cmTC_2283e.dir/CheckFunctionExists.c.o  -o cmTC_2283e -lpthreads 
/usr/bin/ld: cannot find -lpthreads
collect2: error: ld returned 1 exit status
CMakeFiles/cmTC_2283e.dir/build.make:86: recipe for target 'cmTC_2283e' failed
make[1]: *** [cmTC_2283e] Error 1
make[1]: Leaving directory '/home/rverkuil/integration/drake-pytorch/cpp/drake+pytorch/build/CMakeFiles/CMakeTmp'
Makefile:121: recipe for target 'cmTC_2283e/fast' failed
make: *** [cmTC_2283e/fast] Error 2


Determining if the pthread_create exist failed with the following output:
Change Dir: /home/rverkuil/integration/drake-pytorch/cpp/drake+pytorch/build/CMakeFiles/CMakeTmp

Run Build Command:"/usr/bin/make" "cmTC_753d3/fast"
/usr/bin/make -f CMakeFiles/cmTC_753d3.dir/build.make CMakeFiles/cmTC_753d3.dir/build
make[1]: Entering directory '/home/rverkuil/integration/drake-pytorch/cpp/drake+pytorch/build/CMakeFiles/CMakeTmp'
Building C object CMakeFiles/cmTC_753d3.dir/CheckSymbolExists.c.o
/usr/bin/cc    -o CMakeFiles/cmTC_753d3.dir/CheckSymbolExists.c.o   -c /home/rverkuil/integration/drake-pytorch/cpp/drake+pytorch/build/CMakeFiles/CMakeTmp/CheckSymbolExists.c
Linking C executable cmTC_753d3
/home/rverkuil/integration/integration/lib/python2.7/site-packages/cmake/data/bin/cmake -E cmake_link_script CMakeFiles/cmTC_753d3.dir/link.txt --verbose=1
/usr/bin/cc      -rdynamic CMakeFiles/cmTC_753d3.dir/CheckSymbolExists.c.o  -o cmTC_753d3 
CMakeFiles/cmTC_753d3.dir/CheckSymbolExists.c.o: In function `main':
CheckSymbolExists.c:(.text+0x16): undefined reference to `pthread_create'
collect2: error: ld returned 1 exit status
CMakeFiles/cmTC_753d3.dir/build.make:86: recipe for target 'cmTC_753d3' failed
make[1]: *** [cmTC_753d3] Error 1
make[1]: Leaving directory '/home/rverkuil/integration/drake-pytorch/cpp/drake+pytorch/build/CMakeFiles/CMakeTmp'
Makefile:121: recipe for target 'cmTC_753d3/fast' failed
make: *** [cmTC_753d3/fast] Error 2

File /home/rverkuil/integration/drake-pytorch/cpp/drake+pytorch/build/CMakeFiles/CMakeTmp/CheckSymbolExists.c:
/* */
#include <pthread.h>

int main(int argc, char** argv)
{
  (void)argv;
#ifndef pthread_create
  return ((int*)(&pthread_create))[argc];
#else
  (void)argc;
  return 0;
#endif
}

Determining if the function pthread_create exists in the pthreads failed with the following output:
Change Dir: /home/rverkuil/integration/drake-pytorch/cpp/drake+pytorch/build/CMakeFiles/CMakeTmp

Run Build Command:"/usr/bin/make" "cmTC_5db77/fast"
/usr/bin/make -f CMakeFiles/cmTC_5db77.dir/build.make CMakeFiles/cmTC_5db77.dir/build
make[1]: Entering directory '/home/rverkuil/integration/drake-pytorch/cpp/drake+pytorch/build/CMakeFiles/CMakeTmp'
Building C object CMakeFiles/cmTC_5db77.dir/CheckFunctionExists.c.o
/usr/bin/cc   -DCHECK_FUNCTION_EXISTS=pthread_create   -o CMakeFiles/cmTC_5db77.dir/CheckFunctionExists.c.o   -c /home/rverkuil/integration/integration/lib/python2.7/site-packages/cmake/data/share/cmake-3.12/Modules/CheckFunctionExists.c
Linking C executable cmTC_5db77
/home/rverkuil/integration/integration/lib/python2.7/site-packages/cmake/data/bin/cmake -E cmake_link_script CMakeFiles/cmTC_5db77.dir/link.txt --verbose=1
/usr/bin/cc  -DCHECK_FUNCTION_EXISTS=pthread_create    -rdynamic CMakeFiles/cmTC_5db77.dir/CheckFunctionExists.c.o  -o cmTC_5db77 -lpthreads 
/usr/bin/ld: cannot find -lpthreads
collect2: error: ld returned 1 exit status
CMakeFiles/cmTC_5db77.dir/build.make:86: recipe for target 'cmTC_5db77' failed
make[1]: *** [cmTC_5db77] Error 1
make[1]: Leaving directory '/home/rverkuil/integration/drake-pytorch/cpp/drake+pytorch/build/CMakeFiles/CMakeTmp'
Makefile:121: recipe for target 'cmTC_5db77/fast' failed
make: *** [cmTC_5db77/fast] Error 2


Determining if the pthread_create exist failed with the following output:
Change Dir: /home/rverkuil/integration/drake-pytorch/cpp/drake+pytorch/build/CMakeFiles/CMakeTmp

Run Build Command:"/usr/bin/make" "cmTC_fe95d/fast"
/usr/bin/make -f CMakeFiles/cmTC_fe95d.dir/build.make CMakeFiles/cmTC_fe95d.dir/build
make[1]: Entering directory '/home/rverkuil/integration/drake-pytorch/cpp/drake+pytorch/build/CMakeFiles/CMakeTmp'
Building C object CMakeFiles/cmTC_fe95d.dir/CheckSymbolExists.c.o
/usr/bin/cc    -o CMakeFiles/cmTC_fe95d.dir/CheckSymbolExists.c.o   -c /home/rverkuil/integration/drake-pytorch/cpp/drake+pytorch/build/CMakeFiles/CMakeTmp/CheckSymbolExists.c
Linking C executable cmTC_fe95d
/home/rverkuil/integration/integration/lib/python2.7/site-packages/cmake/data/bin/cmake -E cmake_link_script CMakeFiles/cmTC_fe95d.dir/link.txt --verbose=1
/usr/bin/cc      -rdynamic CMakeFiles/cmTC_fe95d.dir/CheckSymbolExists.c.o  -o cmTC_fe95d 
CMakeFiles/cmTC_fe95d.dir/CheckSymbolExists.c.o: In function `main':
CheckSymbolExists.c:(.text+0x16): undefined reference to `pthread_create'
collect2: error: ld returned 1 exit status
CMakeFiles/cmTC_fe95d.dir/build.make:86: recipe for target 'cmTC_fe95d' failed
make[1]: *** [cmTC_fe95d] Error 1
make[1]: Leaving directory '/home/rverkuil/integration/drake-pytorch/cpp/drake+pytorch/build/CMakeFiles/CMakeTmp'
Makefile:121: recipe for target 'cmTC_fe95d/fast' failed
make: *** [cmTC_fe95d/fast] Error 2

File /home/rverkuil/integration/drake-pytorch/cpp/drake+pytorch/build/CMakeFiles/CMakeTmp/CheckSymbolExists.c:
/* */
#include <pthread.h>

int main(int argc, char** argv)
{
  (void)argv;
#ifndef pthread_create
  return ((int*)(&pthread_create))[argc];
#else
  (void)argc;
  return 0;
#endif
}

Determining if the function pthread_create exists in the pthreads failed with the following output:
Change Dir: /home/rverkuil/integration/drake-pytorch/cpp/drake+pytorch/build/CMakeFiles/CMakeTmp

Run Build Command:"/usr/bin/make" "cmTC_2105c/fast"
/usr/bin/make -f CMakeFiles/cmTC_2105c.dir/build.make CMakeFiles/cmTC_2105c.dir/build
make[1]: Entering directory '/home/rverkuil/integration/drake-pytorch/cpp/drake+pytorch/build/CMakeFiles/CMakeTmp'
Building C object CMakeFiles/cmTC_2105c.dir/CheckFunctionExists.c.o
/usr/bin/cc   -DCHECK_FUNCTION_EXISTS=pthread_create   -o CMakeFiles/cmTC_2105c.dir/CheckFunctionExists.c.o   -c /home/rverkuil/integration/integration/lib/python2.7/site-packages/cmake/data/share/cmake-3.12/Modules/CheckFunctionExists.c
Linking C executable cmTC_2105c
/home/rverkuil/integration/integration/lib/python2.7/site-packages/cmake/data/bin/cmake -E cmake_link_script CMakeFiles/cmTC_2105c.dir/link.txt --verbose=1
/usr/bin/cc  -DCHECK_FUNCTION_EXISTS=pthread_create    -rdynamic CMakeFiles/cmTC_2105c.dir/CheckFunctionExists.c.o  -o cmTC_2105c -lpthreads 
/usr/bin/ld: cannot find -lpthreads
collect2: error: ld returned 1 exit status
CMakeFiles/cmTC_2105c.dir/build.make:86: recipe for target 'cmTC_2105c' failed
make[1]: *** [cmTC_2105c] Error 1
make[1]: Leaving directory '/home/rverkuil/integration/drake-pytorch/cpp/drake+pytorch/build/CMakeFiles/CMakeTmp'
Makefile:121: recipe for target 'cmTC_2105c/fast' failed
make: *** [cmTC_2105c/fast] Error 2


Determining if the pthread_create exist failed with the following output:
Change Dir: /home/rverkuil/integration/drake-pytorch/cpp/drake+pytorch/build/CMakeFiles/CMakeTmp

Run Build Command:"/usr/bin/make" "cmTC_bfdf8/fast"
/usr/bin/make -f CMakeFiles/cmTC_bfdf8.dir/build.make CMakeFiles/cmTC_bfdf8.dir/build
make[1]: Entering directory '/home/rverkuil/integration/drake-pytorch/cpp/drake+pytorch/build/CMakeFiles/CMakeTmp'
Building C object CMakeFiles/cmTC_bfdf8.dir/CheckSymbolExists.c.o
/usr/bin/cc    -o CMakeFiles/cmTC_bfdf8.dir/CheckSymbolExists.c.o   -c /home/rverkuil/integration/drake-pytorch/cpp/drake+pytorch/build/CMakeFiles/CMakeTmp/CheckSymbolExists.c
Linking C executable cmTC_bfdf8
/home/rverkuil/integration/integration/lib/python2.7/site-packages/cmake/data/bin/cmake -E cmake_link_script CMakeFiles/cmTC_bfdf8.dir/link.txt --verbose=1
/usr/bin/cc      -rdynamic CMakeFiles/cmTC_bfdf8.dir/CheckSymbolExists.c.o  -o cmTC_bfdf8 
CMakeFiles/cmTC_bfdf8.dir/CheckSymbolExists.c.o: In function `main':
CheckSymbolExists.c:(.text+0x16): undefined reference to `pthread_create'
collect2: error: ld returned 1 exit status
CMakeFiles/cmTC_bfdf8.dir/build.make:86: recipe for target 'cmTC_bfdf8' failed
make[1]: *** [cmTC_bfdf8] Error 1
make[1]: Leaving directory '/home/rverkuil/integration/drake-pytorch/cpp/drake+pytorch/build/CMakeFiles/CMakeTmp'
Makefile:121: recipe for target 'cmTC_bfdf8/fast' failed
make: *** [cmTC_bfdf8/fast] Error 2

File /home/rverkuil/integration/drake-pytorch/cpp/drake+pytorch/build/CMakeFiles/CMakeTmp/CheckSymbolExists.c:
/* */
#include <pthread.h>

int main(int argc, char** argv)
{
  (void)argv;
#ifndef pthread_create
  return ((int*)(&pthread_create))[argc];
#else
  (void)argc;
  return 0;
#endif
}

Determining if the function pthread_create exists in the pthreads failed with the following output:
Change Dir: /home/rverkuil/integration/drake-pytorch/cpp/drake+pytorch/build/CMakeFiles/CMakeTmp

Run Build Command:"/usr/bin/make" "cmTC_fec88/fast"
/usr/bin/make -f CMakeFiles/cmTC_fec88.dir/build.make CMakeFiles/cmTC_fec88.dir/build
make[1]: Entering directory '/home/rverkuil/integration/drake-pytorch/cpp/drake+pytorch/build/CMakeFiles/CMakeTmp'
Building C object CMakeFiles/cmTC_fec88.dir/CheckFunctionExists.c.o
/usr/bin/cc   -DCHECK_FUNCTION_EXISTS=pthread_create   -o CMakeFiles/cmTC_fec88.dir/CheckFunctionExists.c.o   -c /home/rverkuil/integration/integration/lib/python2.7/site-packages/cmake/data/share/cmake-3.12/Modules/CheckFunctionExists.c
Linking C executable cmTC_fec88
/home/rverkuil/integration/integration/lib/python2.7/site-packages/cmake/data/bin/cmake -E cmake_link_script CMakeFiles/cmTC_fec88.dir/link.txt --verbose=1
/usr/bin/cc  -DCHECK_FUNCTION_EXISTS=pthread_create    -rdynamic CMakeFiles/cmTC_fec88.dir/CheckFunctionExists.c.o  -o cmTC_fec88 -lpthreads 
/usr/bin/ld: cannot find -lpthreads
collect2: error: ld returned 1 exit status
CMakeFiles/cmTC_fec88.dir/build.make:86: recipe for target 'cmTC_fec88' failed
make[1]: *** [cmTC_fec88] Error 1
make[1]: Leaving directory '/home/rverkuil/integration/drake-pytorch/cpp/drake+pytorch/build/CMakeFiles/CMakeTmp'
Makefile:121: recipe for target 'cmTC_fec88/fast' failed
make: *** [cmTC_fec88/fast] Error 2


Determining if the pthread_create exist failed with the following output:
Change Dir: /home/rverkuil/integration/drake-pytorch/cpp/drake+pytorch/build/CMakeFiles/CMakeTmp

Run Build Command:"/usr/bin/make" "cmTC_95194/fast"
/usr/bin/make -f CMakeFiles/cmTC_95194.dir/build.make CMakeFiles/cmTC_95194.dir/build
make[1]: Entering directory '/home/rverkuil/integration/drake-pytorch/cpp/drake+pytorch/build/CMakeFiles/CMakeTmp'
Building C object CMakeFiles/cmTC_95194.dir/CheckSymbolExists.c.o
/usr/bin/cc    -o CMakeFiles/cmTC_95194.dir/CheckSymbolExists.c.o   -c /home/rverkuil/integration/drake-pytorch/cpp/drake+pytorch/build/CMakeFiles/CMakeTmp/CheckSymbolExists.c
Linking C executable cmTC_95194
/home/rverkuil/integration/integration/lib/python2.7/site-packages/cmake/data/bin/cmake -E cmake_link_script CMakeFiles/cmTC_95194.dir/link.txt --verbose=1
/usr/bin/cc      -rdynamic CMakeFiles/cmTC_95194.dir/CheckSymbolExists.c.o  -o cmTC_95194 
CMakeFiles/cmTC_95194.dir/CheckSymbolExists.c.o: In function `main':
CheckSymbolExists.c:(.text+0x16): undefined reference to `pthread_create'
collect2: error: ld returned 1 exit status
CMakeFiles/cmTC_95194.dir/build.make:86: recipe for target 'cmTC_95194' failed
make[1]: *** [cmTC_95194] Error 1
make[1]: Leaving directory '/home/rverkuil/integration/drake-pytorch/cpp/drake+pytorch/build/CMakeFiles/CMakeTmp'
Makefile:121: recipe for target 'cmTC_95194/fast' failed
make: *** [cmTC_95194/fast] Error 2

File /home/rverkuil/integration/drake-pytorch/cpp/drake+pytorch/build/CMakeFiles/CMakeTmp/CheckSymbolExists.c:
/* */
#include <pthread.h>

int main(int argc, char** argv)
{
  (void)argv;
#ifndef pthread_create
  return ((int*)(&pthread_create))[argc];
#else
  (void)argc;
  return 0;
#endif
}

Determining if the function pthread_create exists in the pthreads failed with the following output:
Change Dir: /home/rverkuil/integration/drake-pytorch/cpp/drake+pytorch/build/CMakeFiles/CMakeTmp

Run Build Command:"/usr/bin/make" "cmTC_c8448/fast"
/usr/bin/make -f CMakeFiles/cmTC_c8448.dir/build.make CMakeFiles/cmTC_c8448.dir/build
make[1]: Entering directory '/home/rverkuil/integration/drake-pytorch/cpp/drake+pytorch/build/CMakeFiles/CMakeTmp'
Building C object CMakeFiles/cmTC_c8448.dir/CheckFunctionExists.c.o
/usr/bin/cc   -DCHECK_FUNCTION_EXISTS=pthread_create   -o CMakeFiles/cmTC_c8448.dir/CheckFunctionExists.c.o   -c /home/rverkuil/integration/integration/lib/python2.7/site-packages/cmake/data/share/cmake-3.12/Modules/CheckFunctionExists.c
Linking C executable cmTC_c8448
/home/rverkuil/integration/integration/lib/python2.7/site-packages/cmake/data/bin/cmake -E cmake_link_script CMakeFiles/cmTC_c8448.dir/link.txt --verbose=1
/usr/bin/cc  -DCHECK_FUNCTION_EXISTS=pthread_create    -rdynamic CMakeFiles/cmTC_c8448.dir/CheckFunctionExists.c.o  -o cmTC_c8448 -lpthreads 
/usr/bin/ld: cannot find -lpthreads
collect2: error: ld returned 1 exit status
CMakeFiles/cmTC_c8448.dir/build.make:86: recipe for target 'cmTC_c8448' failed
make[1]: *** [cmTC_c8448] Error 1
make[1]: Leaving directory '/home/rverkuil/integration/drake-pytorch/cpp/drake+pytorch/build/CMakeFiles/CMakeTmp'
Makefile:121: recipe for target 'cmTC_c8448/fast' failed
make: *** [cmTC_c8448/fast] Error 2


Determining if the pthread_create exist failed with the following output:
Change Dir: /home/rverkuil/integration/drake-pytorch/cpp/drake+pytorch/build/CMakeFiles/CMakeTmp

Run Build Command:"/usr/bin/make" "cmTC_3554f/fast"
/usr/bin/make -f CMakeFiles/cmTC_3554f.dir/build.make CMakeFiles/cmTC_3554f.dir/build
make[1]: Entering directory '/home/rverkuil/integration/drake-pytorch/cpp/drake+pytorch/build/CMakeFiles/CMakeTmp'
Building C object CMakeFiles/cmTC_3554f.dir/CheckSymbolExists.c.o
/usr/bin/cc    -o CMakeFiles/cmTC_3554f.dir/CheckSymbolExists.c.o   -c /home/rverkuil/integration/drake-pytorch/cpp/drake+pytorch/build/CMakeFiles/CMakeTmp/CheckSymbolExists.c
Linking C executable cmTC_3554f
/home/rverkuil/integration/integration/lib/python2.7/site-packages/cmake/data/bin/cmake -E cmake_link_script CMakeFiles/cmTC_3554f.dir/link.txt --verbose=1
/usr/bin/cc      -rdynamic CMakeFiles/cmTC_3554f.dir/CheckSymbolExists.c.o  -o cmTC_3554f 
CMakeFiles/cmTC_3554f.dir/CheckSymbolExists.c.o: In function `main':
CheckSymbolExists.c:(.text+0x16): undefined reference to `pthread_create'
collect2: error: ld returned 1 exit status
CMakeFiles/cmTC_3554f.dir/build.make:86: recipe for target 'cmTC_3554f' failed
make[1]: *** [cmTC_3554f] Error 1
make[1]: Leaving directory '/home/rverkuil/integration/drake-pytorch/cpp/drake+pytorch/build/CMakeFiles/CMakeTmp'
Makefile:121: recipe for target 'cmTC_3554f/fast' failed
make: *** [cmTC_3554f/fast] Error 2

File /home/rverkuil/integration/drake-pytorch/cpp/drake+pytorch/build/CMakeFiles/CMakeTmp/CheckSymbolExists.c:
/* */
#include <pthread.h>

int main(int argc, char** argv)
{
  (void)argv;
#ifndef pthread_create
  return ((int*)(&pthread_create))[argc];
#else
  (void)argc;
  return 0;
#endif
}

Determining if the function pthread_create exists in the pthreads failed with the following output:
Change Dir: /home/rverkuil/integration/drake-pytorch/cpp/drake+pytorch/build/CMakeFiles/CMakeTmp

Run Build Command:"/usr/bin/make" "cmTC_a1637/fast"
/usr/bin/make -f CMakeFiles/cmTC_a1637.dir/build.make CMakeFiles/cmTC_a1637.dir/build
make[1]: Entering directory '/home/rverkuil/integration/drake-pytorch/cpp/drake+pytorch/build/CMakeFiles/CMakeTmp'
Building C object CMakeFiles/cmTC_a1637.dir/CheckFunctionExists.c.o
/usr/bin/cc   -DCHECK_FUNCTION_EXISTS=pthread_create   -o CMakeFiles/cmTC_a1637.dir/CheckFunctionExists.c.o   -c /home/rverkuil/integration/integration/lib/python2.7/site-packages/cmake/data/share/cmake-3.12/Modules/CheckFunctionExists.c
Linking C executable cmTC_a1637
/home/rverkuil/integration/integration/lib/python2.7/site-packages/cmake/data/bin/cmake -E cmake_link_script CMakeFiles/cmTC_a1637.dir/link.txt --verbose=1
/usr/bin/cc  -DCHECK_FUNCTION_EXISTS=pthread_create    -rdynamic CMakeFiles/cmTC_a1637.dir/CheckFunctionExists.c.o  -o cmTC_a1637 -lpthreads 
/usr/bin/ld: cannot find -lpthreads
collect2: error: ld returned 1 exit status
CMakeFiles/cmTC_a1637.dir/build.make:86: recipe for target 'cmTC_a1637' failed
make[1]: *** [cmTC_a1637] Error 1
make[1]: Leaving directory '/home/rverkuil/integration/drake-pytorch/cpp/drake+pytorch/build/CMakeFiles/CMakeTmp'
Makefile:121: recipe for target 'cmTC_a1637/fast' failed
make: *** [cmTC_a1637/fast] Error 2


Determining if the pthread_create exist failed with the following output:
Change Dir: /home/rverkuil/integration/drake-pytorch/cpp/drake+pytorch/build/CMakeFiles/CMakeTmp

Run Build Command:"/usr/bin/make" "cmTC_9f84d/fast"
/usr/bin/make -f CMakeFiles/cmTC_9f84d.dir/build.make CMakeFiles/cmTC_9f84d.dir/build
make[1]: Entering directory '/home/rverkuil/integration/drake-pytorch/cpp/drake+pytorch/build/CMakeFiles/CMakeTmp'
Building C object CMakeFiles/cmTC_9f84d.dir/CheckSymbolExists.c.o
/usr/bin/cc    -o CMakeFiles/cmTC_9f84d.dir/CheckSymbolExists.c.o   -c /home/rverkuil/integration/drake-pytorch/cpp/drake+pytorch/build/CMakeFiles/CMakeTmp/CheckSymbolExists.c
Linking C executable cmTC_9f84d
/home/rverkuil/integration/integration/lib/python2.7/site-packages/cmake/data/bin/cmake -E cmake_link_script CMakeFiles/cmTC_9f84d.dir/link.txt --verbose=1
/usr/bin/cc      -rdynamic CMakeFiles/cmTC_9f84d.dir/CheckSymbolExists.c.o  -o cmTC_9f84d 
CMakeFiles/cmTC_9f84d.dir/CheckSymbolExists.c.o: In function `main':
CheckSymbolExists.c:(.text+0x16): undefined reference to `pthread_create'
collect2: error: ld returned 1 exit status
CMakeFiles/cmTC_9f84d.dir/build.make:86: recipe for target 'cmTC_9f84d' failed
make[1]: *** [cmTC_9f84d] Error 1
make[1]: Leaving directory '/home/rverkuil/integration/drake-pytorch/cpp/drake+pytorch/build/CMakeFiles/CMakeTmp'
Makefile:121: recipe for target 'cmTC_9f84d/fast' failed
make: *** [cmTC_9f84d/fast] Error 2

File /home/rverkuil/integration/drake-pytorch/cpp/drake+pytorch/build/CMakeFiles/CMakeTmp/CheckSymbolExists.c:
/* */
#include <pthread.h>

int main(int argc, char** argv)
{
  (void)argv;
#ifndef pthread_create
  return ((int*)(&pthread_create))[argc];
#else
  (void)argc;
  return 0;
#endif
}

Determining if the function pthread_create exists in the pthreads failed with the following output:
Change Dir: /home/rverkuil/integration/drake-pytorch/cpp/drake+pytorch/build/CMakeFiles/CMakeTmp

Run Build Command:"/usr/bin/make" "cmTC_8564c/fast"
/usr/bin/make -f CMakeFiles/cmTC_8564c.dir/build.make CMakeFiles/cmTC_8564c.dir/build
make[1]: Entering directory '/home/rverkuil/integration/drake-pytorch/cpp/drake+pytorch/build/CMakeFiles/CMakeTmp'
Building C object CMakeFiles/cmTC_8564c.dir/CheckFunctionExists.c.o
/usr/bin/cc   -DCHECK_FUNCTION_EXISTS=pthread_create   -o CMakeFiles/cmTC_8564c.dir/CheckFunctionExists.c.o   -c /home/rverkuil/integration/integration/lib/python2.7/site-packages/cmake/data/share/cmake-3.12/Modules/CheckFunctionExists.c
Linking C executable cmTC_8564c
/home/rverkuil/integration/integration/lib/python2.7/site-packages/cmake/data/bin/cmake -E cmake_link_script CMakeFiles/cmTC_8564c.dir/link.txt --verbose=1
/usr/bin/cc  -DCHECK_FUNCTION_EXISTS=pthread_create    -rdynamic CMakeFiles/cmTC_8564c.dir/CheckFunctionExists.c.o  -o cmTC_8564c -lpthreads 
/usr/bin/ld: cannot find -lpthreads
collect2: error: ld returned 1 exit status
CMakeFiles/cmTC_8564c.dir/build.make:86: recipe for target 'cmTC_8564c' failed
make[1]: *** [cmTC_8564c] Error 1
make[1]: Leaving directory '/home/rverkuil/integration/drake-pytorch/cpp/drake+pytorch/build/CMakeFiles/CMakeTmp'
Makefile:121: recipe for target 'cmTC_8564c/fast' failed
make: *** [cmTC_8564c/fast] Error 2


Determining if the pthread_create exist failed with the following output:
Change Dir: /home/rverkuil/integration/drake-pytorch/cpp/drake+pytorch/build/CMakeFiles/CMakeTmp

Run Build Command:"/usr/bin/make" "cmTC_25f13/fast"
/usr/bin/make -f CMakeFiles/cmTC_25f13.dir/build.make CMakeFiles/cmTC_25f13.dir/build
make[1]: Entering directory '/home/rverkuil/integration/drake-pytorch/cpp/drake+pytorch/build/CMakeFiles/CMakeTmp'
Building C object CMakeFiles/cmTC_25f13.dir/CheckSymbolExists.c.o
/usr/bin/cc    -o CMakeFiles/cmTC_25f13.dir/CheckSymbolExists.c.o   -c /home/rverkuil/integration/drake-pytorch/cpp/drake+pytorch/build/CMakeFiles/CMakeTmp/CheckSymbolExists.c
Linking C executable cmTC_25f13
/home/rverkuil/integration/integration/lib/python2.7/site-packages/cmake/data/bin/cmake -E cmake_link_script CMakeFiles/cmTC_25f13.dir/link.txt --verbose=1
/usr/bin/cc      -rdynamic CMakeFiles/cmTC_25f13.dir/CheckSymbolExists.c.o  -o cmTC_25f13 
CMakeFiles/cmTC_25f13.dir/CheckSymbolExists.c.o: In function `main':
CheckSymbolExists.c:(.text+0x16): undefined reference to `pthread_create'
collect2: error: ld returned 1 exit status
CMakeFiles/cmTC_25f13.dir/build.make:86: recipe for target 'cmTC_25f13' failed
make[1]: *** [cmTC_25f13] Error 1
make[1]: Leaving directory '/home/rverkuil/integration/drake-pytorch/cpp/drake+pytorch/build/CMakeFiles/CMakeTmp'
Makefile:121: recipe for target 'cmTC_25f13/fast' failed
make: *** [cmTC_25f13/fast] Error 2

File /home/rverkuil/integration/drake-pytorch/cpp/drake+pytorch/build/CMakeFiles/CMakeTmp/CheckSymbolExists.c:
/* */
#include <pthread.h>

int main(int argc, char** argv)
{
  (void)argv;
#ifndef pthread_create
  return ((int*)(&pthread_create))[argc];
#else
  (void)argc;
  return 0;
#endif
}

Determining if the function pthread_create exists in the pthreads failed with the following output:
Change Dir: /home/rverkuil/integration/drake-pytorch/cpp/drake+pytorch/build/CMakeFiles/CMakeTmp

Run Build Command:"/usr/bin/make" "cmTC_b29d4/fast"
/usr/bin/make -f CMakeFiles/cmTC_b29d4.dir/build.make CMakeFiles/cmTC_b29d4.dir/build
make[1]: Entering directory '/home/rverkuil/integration/drake-pytorch/cpp/drake+pytorch/build/CMakeFiles/CMakeTmp'
Building C object CMakeFiles/cmTC_b29d4.dir/CheckFunctionExists.c.o
/usr/bin/cc   -DCHECK_FUNCTION_EXISTS=pthread_create   -o CMakeFiles/cmTC_b29d4.dir/CheckFunctionExists.c.o   -c /home/rverkuil/integration/integration/lib/python2.7/site-packages/cmake/data/share/cmake-3.12/Modules/CheckFunctionExists.c
Linking C executable cmTC_b29d4
/home/rverkuil/integration/integration/lib/python2.7/site-packages/cmake/data/bin/cmake -E cmake_link_script CMakeFiles/cmTC_b29d4.dir/link.txt --verbose=1
/usr/bin/cc  -DCHECK_FUNCTION_EXISTS=pthread_create    -rdynamic CMakeFiles/cmTC_b29d4.dir/CheckFunctionExists.c.o  -o cmTC_b29d4 -lpthreads 
/usr/bin/ld: cannot find -lpthreads
collect2: error: ld returned 1 exit status
CMakeFiles/cmTC_b29d4.dir/build.make:86: recipe for target 'cmTC_b29d4' failed
make[1]: *** [cmTC_b29d4] Error 1
make[1]: Leaving directory '/home/rverkuil/integration/drake-pytorch/cpp/drake+pytorch/build/CMakeFiles/CMakeTmp'
Makefile:121: recipe for target 'cmTC_b29d4/fast' failed
make: *** [cmTC_b29d4/fast] Error 2


Determining if the pthread_create exist failed with the following output:
Change Dir: /home/rverkuil/integration/drake-pytorch/cpp/drake+pytorch/build/CMakeFiles/CMakeTmp

Run Build Command:"/usr/bin/make" "cmTC_d2433/fast"
/usr/bin/make -f CMakeFiles/cmTC_d2433.dir/build.make CMakeFiles/cmTC_d2433.dir/build
make[1]: Entering directory '/home/rverkuil/integration/drake-pytorch/cpp/drake+pytorch/build/CMakeFiles/CMakeTmp'
Building C object CMakeFiles/cmTC_d2433.dir/CheckSymbolExists.c.o
/usr/bin/cc    -o CMakeFiles/cmTC_d2433.dir/CheckSymbolExists.c.o   -c /home/rverkuil/integration/drake-pytorch/cpp/drake+pytorch/build/CMakeFiles/CMakeTmp/CheckSymbolExists.c
Linking C executable cmTC_d2433
/home/rverkuil/integration/integration/lib/python2.7/site-packages/cmake/data/bin/cmake -E cmake_link_script CMakeFiles/cmTC_d2433.dir/link.txt --verbose=1
/usr/bin/cc      -rdynamic CMakeFiles/cmTC_d2433.dir/CheckSymbolExists.c.o  -o cmTC_d2433 
CMakeFiles/cmTC_d2433.dir/CheckSymbolExists.c.o: In function `main':
CheckSymbolExists.c:(.text+0x16): undefined reference to `pthread_create'
collect2: error: ld returned 1 exit status
CMakeFiles/cmTC_d2433.dir/build.make:86: recipe for target 'cmTC_d2433' failed
make[1]: *** [cmTC_d2433] Error 1
make[1]: Leaving directory '/home/rverkuil/integration/drake-pytorch/cpp/drake+pytorch/build/CMakeFiles/CMakeTmp'
Makefile:121: recipe for target 'cmTC_d2433/fast' failed
make: *** [cmTC_d2433/fast] Error 2

File /home/rverkuil/integration/drake-pytorch/cpp/drake+pytorch/build/CMakeFiles/CMakeTmp/CheckSymbolExists.c:
/* */
#include <pthread.h>

int main(int argc, char** argv)
{
  (void)argv;
#ifndef pthread_create
  return ((int*)(&pthread_create))[argc];
#else
  (void)argc;
  return 0;
#endif
}

Determining if the function pthread_create exists in the pthreads failed with the following output:
Change Dir: /home/rverkuil/integration/drake-pytorch/cpp/drake+pytorch/build/CMakeFiles/CMakeTmp

Run Build Command:"/usr/bin/make" "cmTC_1f9cb/fast"
/usr/bin/make -f CMakeFiles/cmTC_1f9cb.dir/build.make CMakeFiles/cmTC_1f9cb.dir/build
make[1]: Entering directory '/home/rverkuil/integration/drake-pytorch/cpp/drake+pytorch/build/CMakeFiles/CMakeTmp'
Building C object CMakeFiles/cmTC_1f9cb.dir/CheckFunctionExists.c.o
/usr/bin/cc   -DCHECK_FUNCTION_EXISTS=pthread_create   -o CMakeFiles/cmTC_1f9cb.dir/CheckFunctionExists.c.o   -c /home/rverkuil/integration/integration/lib/python2.7/site-packages/cmake/data/share/cmake-3.12/Modules/CheckFunctionExists.c
Linking C executable cmTC_1f9cb
/home/rverkuil/integration/integration/lib/python2.7/site-packages/cmake/data/bin/cmake -E cmake_link_script CMakeFiles/cmTC_1f9cb.dir/link.txt --verbose=1
/usr/bin/cc  -DCHECK_FUNCTION_EXISTS=pthread_create    -rdynamic CMakeFiles/cmTC_1f9cb.dir/CheckFunctionExists.c.o  -o cmTC_1f9cb -lpthreads 
/usr/bin/ld: cannot find -lpthreads
collect2: error: ld returned 1 exit status
CMakeFiles/cmTC_1f9cb.dir/build.make:86: recipe for target 'cmTC_1f9cb' failed
make[1]: *** [cmTC_1f9cb] Error 1
make[1]: Leaving directory '/home/rverkuil/integration/drake-pytorch/cpp/drake+pytorch/build/CMakeFiles/CMakeTmp'
Makefile:121: recipe for target 'cmTC_1f9cb/fast' failed
make: *** [cmTC_1f9cb/fast] Error 2


Determining if the pthread_create exist failed with the following output:
Change Dir: /home/rverkuil/integration/drake-pytorch/cpp/drake+pytorch/build/CMakeFiles/CMakeTmp

Run Build Command:"/usr/bin/make" "cmTC_affa0/fast"
/usr/bin/make -f CMakeFiles/cmTC_affa0.dir/build.make CMakeFiles/cmTC_affa0.dir/build
make[1]: Entering directory '/home/rverkuil/integration/drake-pytorch/cpp/drake+pytorch/build/CMakeFiles/CMakeTmp'
Building C object CMakeFiles/cmTC_affa0.dir/CheckSymbolExists.c.o
/usr/bin/cc    -o CMakeFiles/cmTC_affa0.dir/CheckSymbolExists.c.o   -c /home/rverkuil/integration/drake-pytorch/cpp/drake+pytorch/build/CMakeFiles/CMakeTmp/CheckSymbolExists.c
Linking C executable cmTC_affa0
/home/rverkuil/integration/integration/lib/python2.7/site-packages/cmake/data/bin/cmake -E cmake_link_script CMakeFiles/cmTC_affa0.dir/link.txt --verbose=1
/usr/bin/cc      -rdynamic CMakeFiles/cmTC_affa0.dir/CheckSymbolExists.c.o  -o cmTC_affa0 
CMakeFiles/cmTC_affa0.dir/CheckSymbolExists.c.o: In function `main':
CheckSymbolExists.c:(.text+0x16): undefined reference to `pthread_create'
collect2: error: ld returned 1 exit status
CMakeFiles/cmTC_affa0.dir/build.make:86: recipe for target 'cmTC_affa0' failed
make[1]: *** [cmTC_affa0] Error 1
make[1]: Leaving directory '/home/rverkuil/integration/drake-pytorch/cpp/drake+pytorch/build/CMakeFiles/CMakeTmp'
Makefile:121: recipe for target 'cmTC_affa0/fast' failed
make: *** [cmTC_affa0/fast] Error 2

File /home/rverkuil/integration/drake-pytorch/cpp/drake+pytorch/build/CMakeFiles/CMakeTmp/CheckSymbolExists.c:
/* */
#include <pthread.h>

int main(int argc, char** argv)
{
  (void)argv;
#ifndef pthread_create
  return ((int*)(&pthread_create))[argc];
#else
  (void)argc;
  return 0;
#endif
}

Determining if the function pthread_create exists in the pthreads failed with the following output:
Change Dir: /home/rverkuil/integration/drake-pytorch/cpp/drake+pytorch/build/CMakeFiles/CMakeTmp

Run Build Command:"/usr/bin/make" "cmTC_5e03d/fast"
/usr/bin/make -f CMakeFiles/cmTC_5e03d.dir/build.make CMakeFiles/cmTC_5e03d.dir/build
make[1]: Entering directory '/home/rverkuil/integration/drake-pytorch/cpp/drake+pytorch/build/CMakeFiles/CMakeTmp'
Building C object CMakeFiles/cmTC_5e03d.dir/CheckFunctionExists.c.o
/usr/bin/cc   -DCHECK_FUNCTION_EXISTS=pthread_create   -o CMakeFiles/cmTC_5e03d.dir/CheckFunctionExists.c.o   -c /home/rverkuil/integration/integration/lib/python2.7/site-packages/cmake/data/share/cmake-3.12/Modules/CheckFunctionExists.c
Linking C executable cmTC_5e03d
/home/rverkuil/integration/integration/lib/python2.7/site-packages/cmake/data/bin/cmake -E cmake_link_script CMakeFiles/cmTC_5e03d.dir/link.txt --verbose=1
/usr/bin/cc  -DCHECK_FUNCTION_EXISTS=pthread_create    -rdynamic CMakeFiles/cmTC_5e03d.dir/CheckFunctionExists.c.o  -o cmTC_5e03d -lpthreads 
/usr/bin/ld: cannot find -lpthreads
collect2: error: ld returned 1 exit status
CMakeFiles/cmTC_5e03d.dir/build.make:86: recipe for target 'cmTC_5e03d' failed
make[1]: *** [cmTC_5e03d] Error 1
make[1]: Leaving directory '/home/rverkuil/integration/drake-pytorch/cpp/drake+pytorch/build/CMakeFiles/CMakeTmp'
Makefile:121: recipe for target 'cmTC_5e03d/fast' failed
make: *** [cmTC_5e03d/fast] Error 2


Determining if the pthread_create exist failed with the following output:
Change Dir: /home/rverkuil/integration/drake-pytorch/cpp/drake+pytorch/build/CMakeFiles/CMakeTmp

Run Build Command:"/usr/bin/make" "cmTC_641cf/fast"
/usr/bin/make -f CMakeFiles/cmTC_641cf.dir/build.make CMakeFiles/cmTC_641cf.dir/build
make[1]: Entering directory '/home/rverkuil/integration/drake-pytorch/cpp/drake+pytorch/build/CMakeFiles/CMakeTmp'
Building C object CMakeFiles/cmTC_641cf.dir/CheckSymbolExists.c.o
/usr/bin/cc    -o CMakeFiles/cmTC_641cf.dir/CheckSymbolExists.c.o   -c /home/rverkuil/integration/drake-pytorch/cpp/drake+pytorch/build/CMakeFiles/CMakeTmp/CheckSymbolExists.c
Linking C executable cmTC_641cf
/home/rverkuil/integration/integration/lib/python2.7/site-packages/cmake/data/bin/cmake -E cmake_link_script CMakeFiles/cmTC_641cf.dir/link.txt --verbose=1
/usr/bin/cc      -rdynamic CMakeFiles/cmTC_641cf.dir/CheckSymbolExists.c.o  -o cmTC_641cf 
CMakeFiles/cmTC_641cf.dir/CheckSymbolExists.c.o: In function `main':
CheckSymbolExists.c:(.text+0x16): undefined reference to `pthread_create'
collect2: error: ld returned 1 exit status
CMakeFiles/cmTC_641cf.dir/build.make:86: recipe for target 'cmTC_641cf' failed
make[1]: *** [cmTC_641cf] Error 1
make[1]: Leaving directory '/home/rverkuil/integration/drake-pytorch/cpp/drake+pytorch/build/CMakeFiles/CMakeTmp'
Makefile:121: recipe for target 'cmTC_641cf/fast' failed
make: *** [cmTC_641cf/fast] Error 2

File /home/rverkuil/integration/drake-pytorch/cpp/drake+pytorch/build/CMakeFiles/CMakeTmp/CheckSymbolExists.c:
/* */
#include <pthread.h>

int main(int argc, char** argv)
{
  (void)argv;
#ifndef pthread_create
  return ((int*)(&pthread_create))[argc];
#else
  (void)argc;
  return 0;
#endif
}

Determining if the function pthread_create exists in the pthreads failed with the following output:
Change Dir: /home/rverkuil/integration/drake-pytorch/cpp/drake+pytorch/build/CMakeFiles/CMakeTmp

Run Build Command:"/usr/bin/make" "cmTC_42178/fast"
/usr/bin/make -f CMakeFiles/cmTC_42178.dir/build.make CMakeFiles/cmTC_42178.dir/build
make[1]: Entering directory '/home/rverkuil/integration/drake-pytorch/cpp/drake+pytorch/build/CMakeFiles/CMakeTmp'
Building C object CMakeFiles/cmTC_42178.dir/CheckFunctionExists.c.o
/usr/bin/cc   -DCHECK_FUNCTION_EXISTS=pthread_create   -o CMakeFiles/cmTC_42178.dir/CheckFunctionExists.c.o   -c /home/rverkuil/integration/integration/lib/python2.7/site-packages/cmake/data/share/cmake-3.12/Modules/CheckFunctionExists.c
Linking C executable cmTC_42178
/home/rverkuil/integration/integration/lib/python2.7/site-packages/cmake/data/bin/cmake -E cmake_link_script CMakeFiles/cmTC_42178.dir/link.txt --verbose=1
/usr/bin/cc  -DCHECK_FUNCTION_EXISTS=pthread_create    -rdynamic CMakeFiles/cmTC_42178.dir/CheckFunctionExists.c.o  -o cmTC_42178 -lpthreads 
/usr/bin/ld: cannot find -lpthreads
collect2: error: ld returned 1 exit status
CMakeFiles/cmTC_42178.dir/build.make:86: recipe for target 'cmTC_42178' failed
make[1]: *** [cmTC_42178] Error 1
make[1]: Leaving directory '/home/rverkuil/integration/drake-pytorch/cpp/drake+pytorch/build/CMakeFiles/CMakeTmp'
Makefile:121: recipe for target 'cmTC_42178/fast' failed
make: *** [cmTC_42178/fast] Error 2


Determining if the pthread_create exist failed with the following output:
Change Dir: /home/rverkuil/integration/drake-pytorch/cpp/drake+pytorch/build/CMakeFiles/CMakeTmp

Run Build Command:"/usr/bin/make" "cmTC_e75d2/fast"
/usr/bin/make -f CMakeFiles/cmTC_e75d2.dir/build.make CMakeFiles/cmTC_e75d2.dir/build
make[1]: Entering directory '/home/rverkuil/integration/drake-pytorch/cpp/drake+pytorch/build/CMakeFiles/CMakeTmp'
Building C object CMakeFiles/cmTC_e75d2.dir/CheckSymbolExists.c.o
/usr/bin/cc    -o CMakeFiles/cmTC_e75d2.dir/CheckSymbolExists.c.o   -c /home/rverkuil/integration/drake-pytorch/cpp/drake+pytorch/build/CMakeFiles/CMakeTmp/CheckSymbolExists.c
Linking C executable cmTC_e75d2
/home/rverkuil/integration/integration/lib/python2.7/site-packages/cmake/data/bin/cmake -E cmake_link_script CMakeFiles/cmTC_e75d2.dir/link.txt --verbose=1
/usr/bin/cc      -rdynamic CMakeFiles/cmTC_e75d2.dir/CheckSymbolExists.c.o  -o cmTC_e75d2 
CMakeFiles/cmTC_e75d2.dir/CheckSymbolExists.c.o: In function `main':
CheckSymbolExists.c:(.text+0x16): undefined reference to `pthread_create'
collect2: error: ld returned 1 exit status
CMakeFiles/cmTC_e75d2.dir/build.make:86: recipe for target 'cmTC_e75d2' failed
make[1]: *** [cmTC_e75d2] Error 1
make[1]: Leaving directory '/home/rverkuil/integration/drake-pytorch/cpp/drake+pytorch/build/CMakeFiles/CMakeTmp'
Makefile:121: recipe for target 'cmTC_e75d2/fast' failed
make: *** [cmTC_e75d2/fast] Error 2

File /home/rverkuil/integration/drake-pytorch/cpp/drake+pytorch/build/CMakeFiles/CMakeTmp/CheckSymbolExists.c:
/* */
#include <pthread.h>

int main(int argc, char** argv)
{
  (void)argv;
#ifndef pthread_create
  return ((int*)(&pthread_create))[argc];
#else
  (void)argc;
  return 0;
#endif
}

Determining if the function pthread_create exists in the pthreads failed with the following output:
Change Dir: /home/rverkuil/integration/drake-pytorch/cpp/drake+pytorch/build/CMakeFiles/CMakeTmp

Run Build Command:"/usr/bin/make" "cmTC_43de5/fast"
/usr/bin/make -f CMakeFiles/cmTC_43de5.dir/build.make CMakeFiles/cmTC_43de5.dir/build
make[1]: Entering directory '/home/rverkuil/integration/drake-pytorch/cpp/drake+pytorch/build/CMakeFiles/CMakeTmp'
Building C object CMakeFiles/cmTC_43de5.dir/CheckFunctionExists.c.o
/usr/bin/cc   -DCHECK_FUNCTION_EXISTS=pthread_create   -o CMakeFiles/cmTC_43de5.dir/CheckFunctionExists.c.o   -c /home/rverkuil/integration/integration/lib/python2.7/site-packages/cmake/data/share/cmake-3.12/Modules/CheckFunctionExists.c
Linking C executable cmTC_43de5
/home/rverkuil/integration/integration/lib/python2.7/site-packages/cmake/data/bin/cmake -E cmake_link_script CMakeFiles/cmTC_43de5.dir/link.txt --verbose=1
/usr/bin/cc  -DCHECK_FUNCTION_EXISTS=pthread_create    -rdynamic CMakeFiles/cmTC_43de5.dir/CheckFunctionExists.c.o  -o cmTC_43de5 -lpthreads 
/usr/bin/ld: cannot find -lpthreads
collect2: error: ld returned 1 exit status
CMakeFiles/cmTC_43de5.dir/build.make:86: recipe for target 'cmTC_43de5' failed
make[1]: *** [cmTC_43de5] Error 1
make[1]: Leaving directory '/home/rverkuil/integration/drake-pytorch/cpp/drake+pytorch/build/CMakeFiles/CMakeTmp'
Makefile:121: recipe for target 'cmTC_43de5/fast' failed
make: *** [cmTC_43de5/fast] Error 2


Determining if the pthread_create exist failed with the following output:
Change Dir: /home/rverkuil/integration/drake-pytorch/cpp/drake+pytorch/build/CMakeFiles/CMakeTmp

Run Build Command:"/usr/bin/make" "cmTC_fc99b/fast"
/usr/bin/make -f CMakeFiles/cmTC_fc99b.dir/build.make CMakeFiles/cmTC_fc99b.dir/build
make[1]: Entering directory '/home/rverkuil/integration/drake-pytorch/cpp/drake+pytorch/build/CMakeFiles/CMakeTmp'
Building C object CMakeFiles/cmTC_fc99b.dir/CheckSymbolExists.c.o
/usr/bin/cc    -o CMakeFiles/cmTC_fc99b.dir/CheckSymbolExists.c.o   -c /home/rverkuil/integration/drake-pytorch/cpp/drake+pytorch/build/CMakeFiles/CMakeTmp/CheckSymbolExists.c
Linking C executable cmTC_fc99b
/home/rverkuil/integration/integration/lib/python2.7/site-packages/cmake/data/bin/cmake -E cmake_link_script CMakeFiles/cmTC_fc99b.dir/link.txt --verbose=1
/usr/bin/cc      -rdynamic CMakeFiles/cmTC_fc99b.dir/CheckSymbolExists.c.o  -o cmTC_fc99b 
CMakeFiles/cmTC_fc99b.dir/CheckSymbolExists.c.o: In function `main':
CheckSymbolExists.c:(.text+0x16): undefined reference to `pthread_create'
collect2: error: ld returned 1 exit status
CMakeFiles/cmTC_fc99b.dir/build.make:86: recipe for target 'cmTC_fc99b' failed
make[1]: *** [cmTC_fc99b] Error 1
make[1]: Leaving directory '/home/rverkuil/integration/drake-pytorch/cpp/drake+pytorch/build/CMakeFiles/CMakeTmp'
Makefile:121: recipe for target 'cmTC_fc99b/fast' failed
make: *** [cmTC_fc99b/fast] Error 2

File /home/rverkuil/integration/drake-pytorch/cpp/drake+pytorch/build/CMakeFiles/CMakeTmp/CheckSymbolExists.c:
/* */
#include <pthread.h>

int main(int argc, char** argv)
{
  (void)argv;
#ifndef pthread_create
  return ((int*)(&pthread_create))[argc];
#else
  (void)argc;
  return 0;
#endif
}

Determining if the function pthread_create exists in the pthreads failed with the following output:
Change Dir: /home/rverkuil/integration/drake-pytorch/cpp/drake+pytorch/build/CMakeFiles/CMakeTmp

Run Build Command:"/usr/bin/make" "cmTC_35767/fast"
/usr/bin/make -f CMakeFiles/cmTC_35767.dir/build.make CMakeFiles/cmTC_35767.dir/build
make[1]: Entering directory '/home/rverkuil/integration/drake-pytorch/cpp/drake+pytorch/build/CMakeFiles/CMakeTmp'
Building C object CMakeFiles/cmTC_35767.dir/CheckFunctionExists.c.o
/usr/bin/cc   -DCHECK_FUNCTION_EXISTS=pthread_create   -o CMakeFiles/cmTC_35767.dir/CheckFunctionExists.c.o   -c /home/rverkuil/integration/integration/lib/python2.7/site-packages/cmake/data/share/cmake-3.12/Modules/CheckFunctionExists.c
Linking C executable cmTC_35767
/home/rverkuil/integration/integration/lib/python2.7/site-packages/cmake/data/bin/cmake -E cmake_link_script CMakeFiles/cmTC_35767.dir/link.txt --verbose=1
/usr/bin/cc  -DCHECK_FUNCTION_EXISTS=pthread_create    -rdynamic CMakeFiles/cmTC_35767.dir/CheckFunctionExists.c.o  -o cmTC_35767 -lpthreads 
/usr/bin/ld: cannot find -lpthreads
collect2: error: ld returned 1 exit status
CMakeFiles/cmTC_35767.dir/build.make:86: recipe for target 'cmTC_35767' failed
make[1]: *** [cmTC_35767] Error 1
make[1]: Leaving directory '/home/rverkuil/integration/drake-pytorch/cpp/drake+pytorch/build/CMakeFiles/CMakeTmp'
Makefile:121: recipe for target 'cmTC_35767/fast' failed
make: *** [cmTC_35767/fast] Error 2


Determining if the pthread_create exist failed with the following output:
Change Dir: /home/rverkuil/integration/drake-pytorch/cpp/drake+pytorch/build/CMakeFiles/CMakeTmp

Run Build Command:"/usr/bin/make" "cmTC_f8e30/fast"
/usr/bin/make -f CMakeFiles/cmTC_f8e30.dir/build.make CMakeFiles/cmTC_f8e30.dir/build
make[1]: Entering directory '/home/rverkuil/integration/drake-pytorch/cpp/drake+pytorch/build/CMakeFiles/CMakeTmp'
Building C object CMakeFiles/cmTC_f8e30.dir/CheckSymbolExists.c.o
/usr/bin/cc    -o CMakeFiles/cmTC_f8e30.dir/CheckSymbolExists.c.o   -c /home/rverkuil/integration/drake-pytorch/cpp/drake+pytorch/build/CMakeFiles/CMakeTmp/CheckSymbolExists.c
Linking C executable cmTC_f8e30
/home/rverkuil/integration/integration/lib/python2.7/site-packages/cmake/data/bin/cmake -E cmake_link_script CMakeFiles/cmTC_f8e30.dir/link.txt --verbose=1
/usr/bin/cc      -rdynamic CMakeFiles/cmTC_f8e30.dir/CheckSymbolExists.c.o  -o cmTC_f8e30 
CMakeFiles/cmTC_f8e30.dir/CheckSymbolExists.c.o: In function `main':
CheckSymbolExists.c:(.text+0x16): undefined reference to `pthread_create'
collect2: error: ld returned 1 exit status
CMakeFiles/cmTC_f8e30.dir/build.make:86: recipe for target 'cmTC_f8e30' failed
make[1]: *** [cmTC_f8e30] Error 1
make[1]: Leaving directory '/home/rverkuil/integration/drake-pytorch/cpp/drake+pytorch/build/CMakeFiles/CMakeTmp'
Makefile:121: recipe for target 'cmTC_f8e30/fast' failed
make: *** [cmTC_f8e30/fast] Error 2

File /home/rverkuil/integration/drake-pytorch/cpp/drake+pytorch/build/CMakeFiles/CMakeTmp/CheckSymbolExists.c:
/* */
#include <pthread.h>

int main(int argc, char** argv)
{
  (void)argv;
#ifndef pthread_create
  return ((int*)(&pthread_create))[argc];
#else
  (void)argc;
  return 0;
#endif
}

Determining if the function pthread_create exists in the pthreads failed with the following output:
Change Dir: /home/rverkuil/integration/drake-pytorch/cpp/drake+pytorch/build/CMakeFiles/CMakeTmp

Run Build Command:"/usr/bin/make" "cmTC_91378/fast"
/usr/bin/make -f CMakeFiles/cmTC_91378.dir/build.make CMakeFiles/cmTC_91378.dir/build
make[1]: Entering directory '/home/rverkuil/integration/drake-pytorch/cpp/drake+pytorch/build/CMakeFiles/CMakeTmp'
Building C object CMakeFiles/cmTC_91378.dir/CheckFunctionExists.c.o
/usr/bin/cc   -DCHECK_FUNCTION_EXISTS=pthread_create   -o CMakeFiles/cmTC_91378.dir/CheckFunctionExists.c.o   -c /home/rverkuil/integration/integration/lib/python2.7/site-packages/cmake/data/share/cmake-3.12/Modules/CheckFunctionExists.c
Linking C executable cmTC_91378
/home/rverkuil/integration/integration/lib/python2.7/site-packages/cmake/data/bin/cmake -E cmake_link_script CMakeFiles/cmTC_91378.dir/link.txt --verbose=1
/usr/bin/cc  -DCHECK_FUNCTION_EXISTS=pthread_create    -rdynamic CMakeFiles/cmTC_91378.dir/CheckFunctionExists.c.o  -o cmTC_91378 -lpthreads 
/usr/bin/ld: cannot find -lpthreads
collect2: error: ld returned 1 exit status
CMakeFiles/cmTC_91378.dir/build.make:86: recipe for target 'cmTC_91378' failed
make[1]: *** [cmTC_91378] Error 1
make[1]: Leaving directory '/home/rverkuil/integration/drake-pytorch/cpp/drake+pytorch/build/CMakeFiles/CMakeTmp'
Makefile:121: recipe for target 'cmTC_91378/fast' failed
make: *** [cmTC_91378/fast] Error 2


